\BOOKMARK [1][-]{section.1}{Introduction au projet}{}% 1
\BOOKMARK [2][-]{subsection.1.1}{Description g\351n\351rale de la consigne du projet}{section.1}% 2
\BOOKMARK [2][-]{subsection.1.2}{Description de la probl\351matique du projet}{section.1}% 3
\BOOKMARK [2][-]{subsection.1.3}{Pr\351sentation du plan du rapport}{section.1}% 4
\BOOKMARK [1][-]{section.2}{Objectifs du projet}{}% 5
\BOOKMARK [2][-]{subsection.2.1}{Pr\351sentation des objectifs \340 atteindre}{section.2}% 6
\BOOKMARK [2][-]{subsection.2.2}{Autres travaux sur les L-Syst\350mes}{section.2}% 7
\BOOKMARK [1][-]{section.3}{Fonctionnalit\351s impl\351ment\351es}{}% 8
\BOOKMARK [2][-]{subsection.3.1}{Explications des fonctionnalit\351s}{section.3}% 9
\BOOKMARK [2][-]{subsection.3.2}{Organisation du projet}{section.3}% 10
\BOOKMARK [1][-]{section.4}{Architecture du projet}{}% 11
\BOOKMARK [2][-]{subsection.4.1}{Diagramme des divers modules et classes}{section.4}% 12
\BOOKMARK [1][-]{section.5}{\311l\351ments techniques}{}% 13
\BOOKMARK [2][-]{subsection.5.1}{Description des diverses librairies utilis\351es}{section.5}% 14
\BOOKMARK [2][-]{subsection.5.2}{Description des diverses structures de donn\351es}{section.5}% 15
\BOOKMARK [2][-]{subsection.5.3}{Description des principaux algorithmes}{section.5}% 16
\BOOKMARK [1][-]{section.6}{Exp\351rimentation et usages}{}% 17
\BOOKMARK [2][-]{subsection.6.1}{Cas d'utilisation}{section.6}% 18
\BOOKMARK [2][-]{subsection.6.2}{Jeux de tests}{section.6}% 19
\BOOKMARK [1][-]{section.7}{Conclusion}{}% 20
\BOOKMARK [2][-]{subsection.7.1}{R\351capitulatif des fonctionnalit\351s principales}{section.7}% 21
\BOOKMARK [2][-]{subsection.7.2}{Propositions d'am\351liorations}{section.7}% 22
